application/app/build/intermediates/manifest_merge_blame_file/debug/manifest-merger-blame-debug-report.txt
1<?xml version="1.0" encoding="utf-8"?>
2<manifest xmlns:android="http://schemas.android.com/apk/res/android"
3    package="com.example.conanmoverandroidapp"
4    android:versionCode="1"
5    android:versionName="1.0" >
6
7    <uses-sdk
8        android:minSdkVersion="21"
8-->src\main\AndroidManifest.xml
9        android:targetSdkVersion="30" />
9-->src\main\AndroidManifest.xml
10
11    <!-- Permission will be merged into the manifest of the hosting app. -->
12    <!-- Is required to launch foreground extraction service for targetSdkVersion 28+. -->
13    <uses-permission android:name="android.permission.FOREGROUND_SERVICE" />
13-->[com.google.android.play:core:1.9.1] AndroidManifest.xml:8:3-74
13-->[com.google.android.play:core:1.9.1] AndroidManifest.xml:8:20-72
14
15    <application
15-->src\main\AndroidManifest.xml:5:5-22:19
16        android:allowBackup="true"
16-->src\main\AndroidManifest.xml:6:9-35
17        android:appComponentFactory="androidx.core.app.CoreComponentFactory"
17-->[androidx.core:core:1.3.2] AndroidManifest.xml:24:18-86
18        android:debuggable="true"
19        android:icon="@mipmap/ic_launcher"
19-->src\main\AndroidManifest.xml:7:9-43
20        android:label="@string/app_name"
20-->src\main\AndroidManifest.xml:8:9-41
21        android:roundIcon="@mipmap/ic_launcher_round"
21-->src\main\AndroidManifest.xml:9:9-54
22        android:supportsRtl="true"
22-->src\main\AndroidManifest.xml:10:9-35
23        android:testOnly="true"
24        android:theme="@style/Theme.ConanMoverAndroidApp" >
24-->src\main\AndroidManifest.xml:11:9-58
25        <activity
25-->src\main\AndroidManifest.xml:13:9-21:20
26            android:name="com.example.conanmoverandroidapp.MainActivity"
26-->src\main\AndroidManifest.xml:14:13-41
27            android:label="ConanMoverAndroidApp" >
27-->src\main\AndroidManifest.xml:15:13-49
28            <intent-filter>
28-->src\main\AndroidManifest.xml:16:13-20:29
29                <action android:name="android.intent.action.MAIN" />
29-->src\main\AndroidManifest.xml:17:17-69
29-->src\main\AndroidManifest.xml:17:25-66
30
31                <category android:name="android.intent.category.LAUNCHER" />
31-->src\main\AndroidManifest.xml:19:17-77
31-->src\main\AndroidManifest.xml:19:27-74
32            </intent-filter>
33        </activity>
34
35        <provider
35-->[androidx.lifecycle:lifecycle-process:2.2.0] AndroidManifest.xml:25:9-29:43
36            android:name="androidx.lifecycle.ProcessLifecycleOwnerInitializer"
36-->[androidx.lifecycle:lifecycle-process:2.2.0] AndroidManifest.xml:26:13-79
37            android:authorities="com.example.conanmoverandroidapp.lifecycle-process"
37-->[androidx.lifecycle:lifecycle-process:2.2.0] AndroidManifest.xml:27:13-69
38            android:exported="false"
38-->[androidx.lifecycle:lifecycle-process:2.2.0] AndroidManifest.xml:28:13-37
39            android:multiprocess="true" /> <!-- The activities will be merged into the manifest of the hosting app. -->
39-->[androidx.lifecycle:lifecycle-process:2.2.0] AndroidManifest.xml:29:13-40
40        <activity
40-->[com.google.android.play:core:1.9.1] AndroidManifest.xml:12:5-271
41            android:name="com.google.android.play.core.missingsplits.PlayCoreMissingSplitsActivity"
41-->[com.google.android.play:core:1.9.1] AndroidManifest.xml:12:15-102
42            android:enabled="false"
42-->[com.google.android.play:core:1.9.1] AndroidManifest.xml:12:103-126
43            android:exported="false"
43-->[com.google.android.play:core:1.9.1] AndroidManifest.xml:12:127-151
44            android:launchMode="singleInstance"
44-->[com.google.android.play:core:1.9.1] AndroidManifest.xml:12:204-239
45            android:process=":playcore_missing_splits_activity"
45-->[com.google.android.play:core:1.9.1] AndroidManifest.xml:12:152-203
46            android:stateNotNeeded="true" />
46-->[com.google.android.play:core:1.9.1] AndroidManifest.xml:12:240-269
47        <activity
47-->[com.google.android.play:core:1.9.1] AndroidManifest.xml:13:5-226
48            android:name="com.google.android.play.core.common.PlayCoreDialogWrapperActivity"
48-->[com.google.android.play:core:1.9.1] AndroidManifest.xml:13:15-95
49            android:enabled="false"
49-->[com.google.android.play:core:1.9.1] AndroidManifest.xml:13:96-119
50            android:exported="false"
50-->[com.google.android.play:core:1.9.1] AndroidManifest.xml:13:120-144
51            android:stateNotNeeded="true"
51-->[com.google.android.play:core:1.9.1] AndroidManifest.xml:13:145-174
52            android:theme="@style/Theme.PlayCore.Transparent" /> <!-- The services will be merged into the manifest of the hosting app. -->
52-->[com.google.android.play:core:1.9.1] AndroidManifest.xml:13:175-224
53        <service
53-->[com.google.android.play:core:1.9.1] AndroidManifest.xml:16:5-18:15
54            android:name="com.google.android.play.core.assetpacks.AssetPackExtractionService"
54-->[com.google.android.play:core:1.9.1] AndroidManifest.xml:16:14-95
55            android:enabled="false"
55-->[com.google.android.play:core:1.9.1] AndroidManifest.xml:16:96-119
56            android:exported="true" >
56-->[com.google.android.play:core:1.9.1] AndroidManifest.xml:16:120-143
57            <meta-data
57-->[com.google.android.play:core:1.9.1] AndroidManifest.xml:17:7-108
58                android:name="com.google.android.play.core.assetpacks.versionCode"
58-->[com.google.android.play:core:1.9.1] AndroidManifest.xml:17:18-84
59                android:value="10901" />
59-->[com.google.android.play:core:1.9.1] AndroidManifest.xml:17:85-106
60        </service>
61        <service
61-->[com.google.android.play:core:1.9.1] AndroidManifest.xml:19:5-147
62            android:name="com.google.android.play.core.assetpacks.ExtractionForegroundService"
62-->[com.google.android.play:core:1.9.1] AndroidManifest.xml:19:14-96
63            android:enabled="false"
63-->[com.google.android.play:core:1.9.1] AndroidManifest.xml:19:97-120
64            android:exported="false" />
64-->[com.google.android.play:core:1.9.1] AndroidManifest.xml:19:121-145
65    </application>
66
67</manifest>